Command line:
   tb_debouncer_isim_beh.exe
     -simmode  gui
     -simrunnum  0
     -socket  57674

Sun Apr 27 20:28:56 2025


 Elaboration Time: 0.03125 sec

 Current Memory Usage: 5150.29 Meg

 Total Signals          : 11
 Total Nets             : 8
 Total Signal Drivers   : 8
 Total Blocks           : 5
 Total Primitive Blocks : 4
 Total Processes        : 5
 Total Traceable Variables  : 11
 Total Scalar Nets and Variables : 387
Total Line Count : 40

 Total Simulation Time: 4.28125 sec

 Current Memory Usage: 4678.43 Meg

Sun Apr 27 21:15:37 2025

