Command line:
   absolute_tb_isim_beh.exe
     -simmode  gui
     -simrunnum  1
     -socket  53720

Sun Apr 27 11:47:17 2025


 Elaboration Time: 0.0625 sec

 Current Memory Usage: 5150.27 Meg

 Total Signals          : 4
 Total Nets             : 8
 Total Signal Drivers   : 2
 Total Blocks           : 5
 Total Primitive Blocks : 4
 Total Processes        : 2
 Total Traceable Variables  : 10
 Total Scalar Nets and Variables : 386
Total Line Count : 17

 Total Simulation Time: 0.0625 sec

 Current Memory Usage: 5150.27 Meg

Sun Apr 27 11:47:46 2025

