Running: C:\Xilinx\14.7\ISE_DS\ISE\bin\nt64\unwrapped\fuse.exe -intstyle ise -incremental -o C:/Users/rafam/Documents/Trabalho-1-Sistemas-Digitais/trabalho_1_sd/Main_tb_isim_beh.exe -prj C:/Users/rafam/Documents/Trabalho-1-Sistemas-Digitais/trabalho_1_sd/Main_tb_beh.prj work.Main_tb 
ISim P.20131013 (signature 0x7708f090)
Number of CPUs detected in this system: 4
Turning on mult-threading, number of parallel sub-compilation jobs: 8 
Determining compilation order of HDL files
Parsing VHDL file "C:/Users/rafam/Documents/Trabalho-1-Sistemas-Digitais/trabalho_1_sd/or.vhd" into library work
Parsing VHDL file "C:/Users/rafam/Documents/Trabalho-1-Sistemas-Digitais/trabalho_1_sd/and.vhd" into library work
Parsing VHDL file "C:/Users/rafam/Documents/Trabalho-1-Sistemas-Digitais/trabalho_1_sd/addtion.vhd" into library work
Parsing VHDL file "C:/Users/rafam/Documents/Trabalho-1-Sistemas-Digitais/trabalho_1_sd/absolute.vhd" into library work
Parsing VHDL file "C:/Users/rafam/Documents/Trabalho-1-Sistemas-Digitais/trabalho_1_sd/Main.vhd" into library work
Parsing VHDL file "C:/Users/rafam/Documents/Trabalho-1-Sistemas-Digitais/trabalho_1_sd/main_test.vhd" into library work
Starting static elaboration
Completed static elaboration
Compiling package standard
Compiling package std_logic_1164
Compiling package numeric_std
Compiling package std_logic_arith
Compiling package std_logic_unsigned
Compiling architecture behavioral of entity addition [addition_default]
Compiling architecture behavioral of entity andOperation [andoperation_default]
Compiling architecture behavioral of entity orOperation [oroperation_default]
Compiling architecture behavioral of entity absolute [absolute_default]
Compiling architecture behavioral of entity Main [main_default]
Compiling architecture behavioral of entity main_tb
Time Resolution for simulation is 1ps.
Waiting for 3 sub-compilation(s) to finish...
Compiled 16 VHDL Units
Built simulation executable C:/Users/rafam/Documents/Trabalho-1-Sistemas-Digitais/trabalho_1_sd/Main_tb_isim_beh.exe
Fuse Memory Usage: 37520 KB
Fuse CPU Usage: 781 ms
