ISim log file
Running: /home/ise/Xilinx/projetos/Trabalho-1-Sistemas-Digitais/trabalho_1_sd/Main_isim_beh.exe -intstyle ise -gui -tclbatch isim.cmd -wdb /home/ise/Xilinx/projetos/Trabalho-1-Sistemas-Digitais/trabalho_1_sd/Main_isim_beh.wdb 
ISim P.20131013 (signature 0xfbc00daa)
----------------------------------------------------------------------
WARNING:Security:42 - Your software subscription period has lapsed. Your current version of Xilinx tools will continue to function, but you no longer qualify for Xilinx software updates or new releases.


----------------------------------------------------------------------
This is a Full version of ISim.
Time resolution is 1 ps
# onerror resume
# wave add /
# run 1000 ns
Simulator is doing circuit initialization process.
Finished circuit initialization process.
# isim force add /main/vetor_x 1101 -radix bin
# isim force add /main/vetor_x 1101 -radix bin
# isim force add /main/vetor_y 0100 -radix bin
# isim force add /main/vetor_y 0100 -radix bin
# isim force add /main/vetor_x 0100 -radix bin
# isim force add /main/vetor_x 0100 -radix bin
# isim force add /main/vetor_x 0100 -radix bin
# isim force add /main/vetor_x 0100 -radix bin
# isim force add /main/vetor_x 0100 -radix bin
# isim force add /main/vetor_x 0100 -radix bin
# run all
# run all
# run all
# isim force add /main/bt_clk 1 -radix bin
# isim force add /main/bt_clk 1 -radix bin
# run all
# run all
# run all
# run all
# run all
ISim P.20131013 (signature 0xfbc00daa)
----------------------------------------------------------------------
WARNING:Security:42 - Your software subscription period has lapsed. Your current version of Xilinx tools will continue to function, but you no longer qualify for Xilinx software updates or new releases.


----------------------------------------------------------------------
This is a Full version of ISim.
# run 1000 ns
Simulator is doing circuit initialization process.
Finished circuit initialization process.
# exit 0
