Release 14.7 - xst P.20131013 (lin64)
Copyright (c) 1995-2013 Xilinx, Inc.  All rights reserved.
--> 
Parameter TMPDIR set to xst/projnav.tmp


Total REAL time to Xst completion: 0.00 secs
Total CPU time to Xst completion: 0.00 secs
 
--> 
Parameter xsthdpdir set to xst


Total REAL time to Xst completion: 0.00 secs
Total CPU time to Xst completion: 0.00 secs
 
--> 
Reading design: Main.prj

TABLE OF CONTENTS
  1) Synthesis Options Summary
  2) HDL Compilation
  3) Design Hierarchy Analysis
  4) HDL Analysis
  5) HDL Synthesis
     5.1) HDL Synthesis Report
  6) Advanced HDL Synthesis
     6.1) Advanced HDL Synthesis Report
  7) Low Level Synthesis
  8) Partition Report
  9) Final Report
	9.1) Device utilization summary
	9.2) Partition Resource Summary
	9.3) TIMING REPORT


=========================================================================
*                      Synthesis Options Summary                        *
=========================================================================
---- Source Parameters
Input File Name                    : "Main.prj"
Input Format                       : mixed
Ignore Synthesis Constraint File   : NO

---- Target Parameters
Output File Name                   : "Main"
Output Format                      : NGC
Target Device                      : xc3s700an-5-fgg484

---- Source Options
Top Module Name                    : Main
Automatic FSM Extraction           : YES
FSM Encoding Algorithm             : Auto
Safe Implementation                : No
FSM Style                          : LUT
RAM Extraction                     : Yes
RAM Style                          : Auto
ROM Extraction                     : Yes
Mux Style                          : Auto
Decoder Extraction                 : YES
Priority Encoder Extraction        : Yes
Shift Register Extraction          : YES
Logical Shifter Extraction         : YES
XOR Collapsing                     : YES
ROM Style                          : Auto
Mux Extraction                     : Yes
Resource Sharing                   : YES
Asynchronous To Synchronous        : NO
Multiplier Style                   : Auto
Automatic Register Balancing       : No

---- Target Options
Add IO Buffers                     : YES
Global Maximum Fanout              : 100000
Add Generic Clock Buffer(BUFG)     : 24
Register Duplication               : YES
Slice Packing                      : YES
Optimize Instantiated Primitives   : NO
Use Clock Enable                   : Yes
Use Synchronous Set                : Yes
Use Synchronous Reset              : Yes
Pack IO Registers into IOBs        : Auto
Equivalent register Removal        : YES

---- General Options
Optimization Goal                  : Speed
Optimization Effort                : 1
Keep Hierarchy                     : No
Netlist Hierarchy                  : As_Optimized
RTL Output                         : Yes
Global Optimization                : AllClockNets
Read Cores                         : YES
Write Timing Constraints           : NO
Cross Clock Analysis               : NO
Hierarchy Separator                : /
Bus Delimiter                      : <>
Case Specifier                     : Maintain
Slice Utilization Ratio            : 100
BRAM Utilization Ratio             : 100
Verilog 2001                       : YES
Auto BRAM Packing                  : NO
Slice Utilization Ratio Delta      : 5

=========================================================================


=========================================================================
*                          HDL Compilation                              *
=========================================================================
Compiling vhdl file "/home/ise/VirtualBox/Trabalho-1-Sistemas-Digitais/trabalho_1_sd/Main.vhd" in Library work.
WARNING:HDLParsers:3530 - Time stamp of file "/home/ise/VirtualBox/Trabalho-1-Sistemas-Digitais/trabalho_1_sd/Main.vhd" is newer than current system time.
Entity <main> compiled.
Entity <main> (Architecture <behavioral>) compiled.

=========================================================================
*                     Design Hierarchy Analysis                         *
=========================================================================
Analyzing hierarchy for entity <Main> in library <work> (architecture <behavioral>).


=========================================================================
*                            HDL Analysis                               *
=========================================================================
Analyzing Entity <Main> in library <work> (Architecture <behavioral>).
    Set user-defined property "KEEP =  true" for signal <x_reg>.
    Set user-defined property "KEEP =  true" for signal <y_reg>.
    Set user-defined property "KEEP =  true" for signal <result_reg>.
    Set user-defined property "KEEP =  true" for signal <state>.
Entity <Main> analyzed. Unit <Main> generated.


=========================================================================
*                           HDL Synthesis                               *
=========================================================================

Performing bidirectional port resolution...

Synthesizing Unit <Main>.
    Related source file is "/home/ise/VirtualBox/Trabalho-1-Sistemas-Digitais/trabalho_1_sd/Main.vhd".
WARNING:Xst:1580 - Signal <y_reg> with a "KEEP" property is assigned but never used. Related logic will not be removed.
WARNING:Xst:1580 - Signal <result_reg> with a "KEEP" property is assigned but never used. Related logic will not be removed.
    Found finite state machine <FSM_0> for signal <state>.
    -----------------------------------------------------------------------
    | States             | 3                                              |
    | Transitions        | 3                                              |
    | Inputs             | 0                                              |
    | Outputs            | 2                                              |
    | Clock              | bt_clk                    (rising_edge)        |
    | Power Up State     | 00                                             |
    | Encoding           | automatic                                      |
    | Implementation     | LUT                                            |
    -----------------------------------------------------------------------
WARNING:Xst:697 - FSM extraction is enabled. Signal <state> cannot be preserved.
    Found 5-bit register for signal <result_reg>.
    Found 5-bit adder for signal <result_reg$add0000> created at line 61.
    Found 4-bit register for signal <x_reg>.
    Found 4-bit register for signal <y_reg>.
    Summary:
	inferred   1 Finite State Machine(s).
	inferred  13 D-type flip-flop(s).
	inferred   1 Adder/Subtractor(s).
Unit <Main> synthesized.


=========================================================================
HDL Synthesis Report

Macro Statistics
# Adders/Subtractors                                   : 1
 5-bit adder                                           : 1
# Registers                                            : 3
 4-bit register                                        : 2
 5-bit register                                        : 1

=========================================================================

=========================================================================
*                       Advanced HDL Synthesis                          *
=========================================================================

Analyzing FSM <FSM_0> for best encoding.
Optimizing FSM <state/FSM> on signal <state[1:3]> with one-hot encoding.
-------------------
 State | Encoding
-------------------
 00    | 001
 01    | 010
 10    | 100
-------------------

Synthesizing (advanced) Unit <Main>.
INFO:Xst:2774 - HDL ADVISOR - KEEP property attached to signal x_reg may hinder XST clustering optimizations.
Unit <Main> synthesized (advanced).

=========================================================================
Advanced HDL Synthesis Report

Macro Statistics
# FSMs                                                 : 1
# Adders/Subtractors                                   : 1
 5-bit adder                                           : 1
# Registers                                            : 13
 Flip-Flops                                            : 13

=========================================================================

=========================================================================
*                         Low Level Synthesis                           *
=========================================================================

Optimizing unit <Main> ...

Mapping all equations...
Building and optimizing final netlist ...
Found area constraint ratio of 100 (+ 5) on block Main, actual ratio is 0.

Final Macro Processing ...

Processing Unit <Main> :
	Found 2-bit shift register for signal <state_FSM_FFd3>.
Unit <Main> processed.

=========================================================================
Final Register Report

Macro Statistics
# Registers                                            : 14
 Flip-Flops                                            : 14
# Shift Registers                                      : 1
 2-bit shift register                                  : 1

=========================================================================

=========================================================================
*                           Partition Report                            *
=========================================================================

Partition Implementation Status
-------------------------------

  No Partitions were found in this design.

-------------------------------

=========================================================================
*                            Final Report                               *
=========================================================================
Final Results
RTL Top Level Output File Name     : Main.ngr
Top Level Output File Name         : Main
Output Format                      : NGC
Optimization Goal                  : Speed
Keep Hierarchy                     : No

Design Statistics
# IOs                              : 10

Cell Usage :
# BELS                             : 9
#      GND                         : 1
#      LUT2                        : 2
#      LUT3                        : 3
#      LUT4                        : 2
#      LUT4_D                      : 1
# FlipFlops/Latches                : 15
#      FD                          : 2
#      FDE                         : 13
# Shift Registers                  : 1
#      SRL16                       : 1
# Clock Buffers                    : 1
#      BUFGP                       : 1
# IO Buffers                       : 9
#      IBUF                        : 4
#      OBUF                        : 5
=========================================================================

Device utilization summary:
---------------------------

Selected Device : 3s700anfgg484-5 

 Number of Slices:                        9  out of   5888     0%  
 Number of Slice Flip Flops:             15  out of  11776     0%  
 Number of 4 input LUTs:                  9  out of  11776     0%  
    Number used as logic:                 8
    Number used as Shift registers:       1
 Number of IOs:                          10
 Number of bonded IOBs:                  10  out of    372     2%  
 Number of GCLKs:                         1  out of     24     4%  

---------------------------
Partition Resource Summary:
---------------------------

  No Partitions were found in this design.

---------------------------


=========================================================================
TIMING REPORT

NOTE: THESE TIMING NUMBERS ARE ONLY A SYNTHESIS ESTIMATE.
      FOR ACCURATE TIMING INFORMATION PLEASE REFER TO THE TRACE REPORT
      GENERATED AFTER PLACE-and-ROUTE.

Clock Information:
------------------
-----------------------------------+------------------------+-------+
Clock Signal                       | Clock buffer(FF name)  | Load  |
-----------------------------------+------------------------+-------+
bt_clk                             | BUFGP                  | 16    |
-----------------------------------+------------------------+-------+

Asynchronous Control Signals Information:
----------------------------------------
No asynchronous control signals found in this design

Timing Summary:
---------------
Speed Grade: -5

   Minimum period: 3.331ns (Maximum Frequency: 300.179MHz)
   Minimum input arrival time before clock: 3.884ns
   Maximum output required time after clock: No path found
   Maximum combinational path delay: 5.789ns

Timing Detail:
--------------
All values displayed in nanoseconds (ns)

=========================================================================
Timing constraint: Default period analysis for Clock 'bt_clk'
  Clock period: 3.331ns (frequency: 300.179MHz)
  Total number of paths / destination ports: 31 / 21
-------------------------------------------------------------------------
Delay:               3.331ns (Levels of Logic = 3)
  Source:            x_reg_0 (FF)
  Destination:       result_reg_4 (FF)
  Source Clock:      bt_clk rising
  Destination Clock: bt_clk rising

  Data Path: x_reg_0 to result_reg_4
                                Gate     Net
    Cell:in->out      fanout   Delay   Delay  Logical Name (Net Name)
    ----------------------------------------  ------------
     FDE:C->Q              3   0.495   0.453  x_reg_0 (x_reg<0>)
     LUT4_D:I3->LO         1   0.561   0.123  Madd_result_reg_add0000_cy<1>11 (N7)
     LUT3:I2->O            1   0.561   0.380  Madd_result_reg_add0000_xor<4>1_SW0 (N5)
     LUT3:I2->O            1   0.561   0.000  Madd_result_reg_add0000_xor<4>1 (result_reg_add0000<4>)
     FDE:D                     0.197          result_reg_4
    ----------------------------------------
    Total                      3.331ns (2.375ns logic, 0.956ns route)
                                       (71.3% logic, 28.7% route)

=========================================================================
Timing constraint: Default OFFSET IN BEFORE for Clock 'bt_clk'
  Total number of paths / destination ports: 22 / 13
-------------------------------------------------------------------------
Offset:              3.884ns (Levels of Logic = 4)
  Source:            vetor_in<0> (PAD)
  Destination:       result_reg_4 (FF)
  Destination Clock: bt_clk rising

  Data Path: vetor_in<0> to result_reg_4
                                Gate     Net
    Cell:in->out      fanout   Delay   Delay  Logical Name (Net Name)
    ----------------------------------------  ------------
     IBUF:I->O             6   0.824   0.677  vetor_in_0_IBUF (led_result_0_OBUF)
     LUT4_D:I0->LO         1   0.561   0.123  Madd_result_reg_add0000_cy<1>11 (N7)
     LUT3:I2->O            1   0.561   0.380  Madd_result_reg_add0000_xor<4>1_SW0 (N5)
     LUT3:I2->O            1   0.561   0.000  Madd_result_reg_add0000_xor<4>1 (result_reg_add0000<4>)
     FDE:D                     0.197          result_reg_4
    ----------------------------------------
    Total                      3.884ns (2.704ns logic, 1.180ns route)
                                       (69.6% logic, 30.4% route)

=========================================================================
Timing constraint: Default path analysis
  Total number of paths / destination ports: 4 / 4
-------------------------------------------------------------------------
Delay:               5.789ns (Levels of Logic = 2)
  Source:            vetor_in<2> (PAD)
  Destination:       led_result<2> (PAD)

  Data Path: vetor_in<2> to led_result<2>
                                Gate     Net
    Cell:in->out      fanout   Delay   Delay  Logical Name (Net Name)
    ----------------------------------------  ------------
     IBUF:I->O             6   0.824   0.569  vetor_in_2_IBUF (led_result_2_OBUF)
     OBUF:I->O                 4.396          led_result_2_OBUF (led_result<2>)
    ----------------------------------------
    Total                      5.789ns (5.220ns logic, 0.569ns route)
                                       (90.2% logic, 9.8% route)

=========================================================================


Total REAL time to Xst completion: 3.00 secs
Total CPU time to Xst completion: 0.66 secs
 
--> 


Total memory usage is 609036 kilobytes

Number of errors   :    0 (   0 filtered)
Number of warnings :    4 (   0 filtered)
Number of infos    :    1 (   0 filtered)

