Command line:
   xorOperation_tb_isim_beh.exe
     -simmode  gui
     -simrunnum  1
     -socket  53618

Sun Apr 27 10:59:40 2025


 Elaboration Time: 0.046875 sec

 Current Memory Usage: 5150.79 Meg

 Total Signals          : 6
 Total Nets             : 12
 Total Signal Drivers   : 3
 Total Blocks           : 3
 Total Primitive Blocks : 2
 Total Processes        : 2
 Total Traceable Variables  : 8
 Total Scalar Nets and Variables : 372
Total Line Count : 15

 Total Simulation Time: 0.3125 sec

 Current Memory Usage: 5465.36 Meg

Sun Apr 27 11:00:30 2025

