Command line:
   tb_sign_isim_beh.exe
     -simmode  gui
     -simrunnum  0
     -socket  53668

Sun Apr 27 11:12:19 2025


 Elaboration Time: 0.0625 sec

 Current Memory Usage: 5150.28 Meg

 Total Signals          : 6
 Total Nets             : 13
 Total Signal Drivers   : 7
 Total Blocks           : 4
 Total Primitive Blocks : 3
 Total Processes        : 7
 Total Traceable Variables  : 13
 Total Scalar Nets and Variables : 496
Total Line Count : 16

 Total Simulation Time: 0.078125 sec

 Current Memory Usage: 4992.99 Meg

Sun Apr 27 11:13:22 2025

