Command line:
   debouncer_isim_beh.exe
     -simmode  gui
     -simrunnum  0
     -socket  57672

Sun Apr 27 20:28:26 2025


 Elaboration Time: 0.046875 sec

 Current Memory Usage: 5150.93 Meg

 Total Signals          : 8
 Total Nets             : 8
 Total Signal Drivers   : 6
 Total Blocks           : 4
 Total Primitive Blocks : 4
 Total Processes        : 3
 Total Traceable Variables  : 11
 Total Scalar Nets and Variables : 387
Total Line Count : 14

 Total Simulation Time: 0.078125 sec

 Current Memory Usage: 5150.93 Meg

Sun Apr 27 20:28:30 2025

