Command line:
   Main_isim_beh.exe
     -simmode  gui
     -simrunnum  0
     -socket  65096

Sat Apr 26 16:56:37 2025


 Elaboration Time: 0.046875 sec

 Current Memory Usage: 5150.34 Meg

 Total Signals          : 37
 Total Nets             : 69
 Total Signal Drivers   : 20
 Total Blocks           : 6
 Total Primitive Blocks : 5
 Total Processes        : 13
 Total Traceable Variables  : 13
 Total Scalar Nets and Variables : 552
Total Line Count : 49

 Total Simulation Time: 0.09375 sec

 Current Memory Usage: 5150.34 Meg

Sat Apr 26 16:56:49 2025

